{"/Users/mahmoud/Documents/memory-game/components/Button/Button.tsx": {"path":"/Users/mahmoud/Documents/memory-game/components/Button/Button.tsx","statementMap":{"0":{"start":{"line":15,"column":38},"end":{"line":38,"column":1}},"1":{"start":{"line":23,"column":20},"end":{"line":30,"column":4}},"2":{"start":{"line":33,"column":2},"end":{"line":37,"column":3}},"3":{"start":{"line":40,"column":0},"end":{"line":40,"column":30}}},"fnMap":{"0":{"name":"(anonymous_0)","decl":{"start":{"line":15,"column":38},"end":{"line":15,"column":39}},"loc":{"start":{"line":21,"column":19},"end":{"line":38,"column":1}},"line":21}},"branchMap":{"0":{"loc":{"start":{"line":16,"column":2},"end":{"line":16,"column":16}},"type":"default-arg","locations":[{"start":{"line":16,"column":11},"end":{"line":16,"column":16}}],"line":16},"1":{"loc":{"start":{"line":18,"column":2},"end":{"line":18,"column":16}},"type":"default-arg","locations":[{"start":{"line":18,"column":9},"end":{"line":18,"column":16}}],"line":18},"2":{"loc":{"start":{"line":19,"column":2},"end":{"line":19,"column":16}},"type":"default-arg","locations":[{"start":{"line":19,"column":10},"end":{"line":19,"column":16}}],"line":19}},"s":{"0":1,"1":4,"2":4,"3":1},"f":{"0":4},"b":{"0":[4],"1":[4],"2":[1]},"_coverageSchema":"1a1c01bbd47fc00a2c39e90264f33305004495a9","hash":"e635609959658e252bce0aa154945d0a4f43f18b"}
,"/Users/mahmoud/Documents/memory-game/components/GridTile/GridTile.tsx": {"path":"/Users/mahmoud/Documents/memory-game/components/GridTile/GridTile.tsx","statementMap":{"0":{"start":{"line":23,"column":42},"end":{"line":40,"column":1}},"1":{"start":{"line":31,"column":2},"end":{"line":39,"column":11}},"2":{"start":{"line":42,"column":0},"end":{"line":42,"column":34}}},"fnMap":{"0":{"name":"(anonymous_0)","decl":{"start":{"line":23,"column":42},"end":{"line":23,"column":43}},"loc":{"start":{"line":31,"column":2},"end":{"line":39,"column":11}},"line":31}},"branchMap":{"0":{"loc":{"start":{"line":28,"column":2},"end":{"line":28,"column":18}},"type":"default-arg","locations":[{"start":{"line":28,"column":10},"end":{"line":28,"column":18}}],"line":28}},"s":{"0":1,"1":8,"2":1},"f":{"0":8},"b":{"0":[1]},"_coverageSchema":"1a1c01bbd47fc00a2c39e90264f33305004495a9","hash":"c8c9b4b94d006e663c8f24253b2bebf02d3d32fd"}
}
